Number of all animals on map: 3
Number of all grasses on map: 34
Number of free positions on map: 65
Most popular genotype: [4, 6, 6, 3, 0, 2, 4, 3, 5, 2]
Average animal energy: 11.67
Average animal lifespan: 3.0
Average children number: 0.0

====================

Animal: 9286875e-f18b-49bc-8bd2-70b298e19c16
The genome of the animal: [3, 1, 2, 5, 0, 3, 6, 0, 6, 1]
Active gen of genome: 1
Energy of the animal: 26
Number of consumed grass: 2
Number of children: 0
Number of descendants: 0
Age: 2
Animal is still alive

====================


Number of all animals on map: 3
Number of all grasses on map: 32
Number of free positions on map: 65
Most popular genotype: [4, 6, 6, 3, 0, 2, 4, 3, 5, 2]
Average animal energy: 18.33
Average animal lifespan: 3.0
Average children number: 0.0

====================

Animal: 9286875e-f18b-49bc-8bd2-70b298e19c16
The genome of the animal: [3, 1, 2, 5, 0, 3, 6, 0, 6, 1]
Active gen of genome: 2
Energy of the animal: 25
Number of consumed grass: 2
Number of children: 0
Number of descendants: 0
Age: 3
Animal is still alive

====================


Number of all animals on map: 3
Number of all grasses on map: 32
Number of free positions on map: 65
Most popular genotype: [4, 6, 6, 3, 0, 2, 4, 3, 5, 2]
Average animal energy: 18.33
Average animal lifespan: 3.0
Average children number: 0.0

====================

Animal: 9286875e-f18b-49bc-8bd2-70b298e19c16
The genome of the animal: [3, 1, 2, 5, 0, 3, 6, 0, 6, 1]
Active gen of genome: 2
Energy of the animal: 25
Number of consumed grass: 2
Number of children: 0
Number of descendants: 0
Age: 3
Animal is still alive

====================


Number of all animals on map: 3
Number of all grasses on map: 35
Number of free positions on map: 63
Most popular genotype: [4, 6, 6, 3, 0, 2, 4, 3, 5, 2]
Average animal energy: 18.33
Average animal lifespan: 3.0
Average children number: 0.0

====================

Animal: 9286875e-f18b-49bc-8bd2-70b298e19c16
The genome of the animal: [3, 1, 2, 5, 0, 3, 6, 0, 6, 1]
Active gen of genome: 2
Energy of the animal: 25
Number of consumed grass: 2
Number of children: 0
Number of descendants: 0
Age: 3
Animal is still alive

====================


Number of all animals on map: 3
Number of all grasses on map: 35
Number of free positions on map: 63
Most popular genotype: [4, 6, 6, 3, 0, 2, 4, 3, 5, 2]
Average animal energy: 18.33
Average animal lifespan: 3.0
Average children number: 0.0

====================

Animal: 9286875e-f18b-49bc-8bd2-70b298e19c16
The genome of the animal: [3, 1, 2, 5, 0, 3, 6, 0, 6, 1]
Active gen of genome: 2
Energy of the animal: 25
Number of consumed grass: 2
Number of children: 0
Number of descendants: 0
Age: 3
Animal is still alive

====================


