Number of all animals on map: 2
Number of all grasses on map: 53
Number of free positions on map: 47
Most popular genotype: [2, 0, 3, 4, 3, 5, 5, 1, 5, 0]
Average animal energy: 33.5
Average animal lifespan: 9.03
Average children number: 0.0

====================

Animal: 22fbba24-6e01-4f7b-a263-02be902156b4
The genome of the animal: [1, 6, 3, 0, 3, 0, 2, 2, 4, 6]
Active gen of genome: 1
Energy of the animal: 48
Number of consumed grass: 5
Number of children: 0
Number of descendants: 0
Age: 10
Animal is still alive

====================


Number of all animals on map: 2
Number of all grasses on map: 55
Number of free positions on map: 43
Most popular genotype: [2, 0, 3, 4, 3, 5, 5, 1, 5, 0]
Average animal energy: 37.5
Average animal lifespan: 9.75
Average children number: 0.0

====================

Animal: 22fbba24-6e01-4f7b-a263-02be902156b4
The genome of the animal: [1, 6, 3, 0, 3, 0, 2, 2, 4, 6]
Active gen of genome: 0
Energy of the animal: 57
Number of consumed grass: 6
Number of children: 0
Number of descendants: 0
Age: 11
Animal is still alive

====================


